mode: set
github.com/percybolmer/ddd-go/domain/customer/memory/memory.go:20.30,24.2 1 0
github.com/percybolmer/ddd-go/domain/customer/memory/memory.go:27.75,28.42 1 1
github.com/percybolmer/ddd-go/domain/customer/memory/memory.go:32.2,32.59 1 1
github.com/percybolmer/ddd-go/domain/customer/memory/memory.go:28.42,30.3 1 1
github.com/percybolmer/ddd-go/domain/customer/memory/memory.go:36.61,37.25 1 1
github.com/percybolmer/ddd-go/domain/customer/memory/memory.go:44.2,44.42 1 1
github.com/percybolmer/ddd-go/domain/customer/memory/memory.go:47.2,50.12 4 1
github.com/percybolmer/ddd-go/domain/customer/memory/memory.go:37.25,42.3 3 0
github.com/percybolmer/ddd-go/domain/customer/memory/memory.go:44.42,46.3 1 0
github.com/percybolmer/ddd-go/domain/customer/memory/memory.go:54.64,56.43 1 0
github.com/percybolmer/ddd-go/domain/customer/memory/memory.go:59.2,62.12 4 0
github.com/percybolmer/ddd-go/domain/customer/memory/memory.go:56.43,58.3 1 0
github.com/percybolmer/ddd-go/aggregate/customer.go:30.49,32.16 1 1
github.com/percybolmer/ddd-go/aggregate/customer.go:37.2,46.8 2 1
github.com/percybolmer/ddd-go/aggregate/customer.go:32.16,34.3 1 1
github.com/percybolmer/ddd-go/aggregate/customer.go:50.38,52.2 1 0
github.com/percybolmer/ddd-go/aggregate/customer.go:55.40,56.21 1 0
github.com/percybolmer/ddd-go/aggregate/customer.go:59.2,59.18 1 0
github.com/percybolmer/ddd-go/aggregate/customer.go:56.21,58.3 1 0
github.com/percybolmer/ddd-go/aggregate/customer.go:63.41,64.21 1 0
github.com/percybolmer/ddd-go/aggregate/customer.go:67.2,67.22 1 0
github.com/percybolmer/ddd-go/aggregate/customer.go:64.21,66.3 1 0
github.com/percybolmer/ddd-go/aggregate/customer.go:71.37,73.2 1 0
github.com/percybolmer/ddd-go/aggregate/product.go:29.75,30.37 1 1
github.com/percybolmer/ddd-go/aggregate/product.go:34.2,42.8 1 1
github.com/percybolmer/ddd-go/aggregate/product.go:30.37,32.3 1 1
github.com/percybolmer/ddd-go/aggregate/product.go:45.36,47.2 1 0
github.com/percybolmer/ddd-go/aggregate/product.go:49.41,51.2 1 0
github.com/percybolmer/ddd-go/aggregate/product.go:53.37,55.2 1 0
github.com/percybolmer/ddd-go/domain/product/memory/memory.go:18.37,22.2 1 1
github.com/percybolmer/ddd-go/domain/product/memory/memory.go:27.75,30.39 2 0
github.com/percybolmer/ddd-go/domain/product/memory/memory.go:33.2,33.22 1 0
github.com/percybolmer/ddd-go/domain/product/memory/memory.go:30.39,32.3 1 0
github.com/percybolmer/ddd-go/domain/product/memory/memory.go:37.86,38.52 1 1
github.com/percybolmer/ddd-go/domain/product/memory/memory.go:41.2,41.56 1 1
github.com/percybolmer/ddd-go/domain/product/memory/memory.go:38.52,40.3 1 1
github.com/percybolmer/ddd-go/domain/product/memory/memory.go:45.74,49.48 3 1
github.com/percybolmer/ddd-go/domain/product/memory/memory.go:53.2,55.12 2 1
github.com/percybolmer/ddd-go/domain/product/memory/memory.go:49.48,51.3 1 0
github.com/percybolmer/ddd-go/domain/product/memory/memory.go:59.76,63.48 3 0
github.com/percybolmer/ddd-go/domain/product/memory/memory.go:67.2,68.12 2 0
github.com/percybolmer/ddd-go/domain/product/memory/memory.go:63.48,65.3 1 0
github.com/percybolmer/ddd-go/domain/product/memory/memory.go:72.64,76.36 3 1
github.com/percybolmer/ddd-go/domain/product/memory/memory.go:79.2,80.12 2 1
github.com/percybolmer/ddd-go/domain/product/memory/memory.go:76.36,78.3 1 0
github.com/percybolmer/ddd-go/services/order.go:28.73,32.27 2 1
github.com/percybolmer/ddd-go/services/order.go:39.2,39.16 1 1
github.com/percybolmer/ddd-go/services/order.go:32.27,35.17 2 1
github.com/percybolmer/ddd-go/services/order.go:35.17,37.4 1 0
github.com/percybolmer/ddd-go/services/order.go:43.80,46.38 1 1
github.com/percybolmer/ddd-go/services/order.go:46.38,49.3 2 1
github.com/percybolmer/ddd-go/services/order.go:52.78,53.38 1 1
github.com/percybolmer/ddd-go/services/order.go:53.38,56.17 2 1
github.com/percybolmer/ddd-go/services/order.go:59.3,60.13 2 1
github.com/percybolmer/ddd-go/services/order.go:56.17,58.4 1 0
github.com/percybolmer/ddd-go/services/order.go:65.56,69.2 2 1
github.com/percybolmer/ddd-go/services/order.go:72.83,73.38 1 1
github.com/percybolmer/ddd-go/services/order.go:73.38,78.30 2 1
github.com/percybolmer/ddd-go/services/order.go:84.3,85.13 2 1
github.com/percybolmer/ddd-go/services/order.go:78.30,80.18 2 1
github.com/percybolmer/ddd-go/services/order.go:80.18,82.5 1 0
github.com/percybolmer/ddd-go/services/order.go:91.99,94.16 2 1
github.com/percybolmer/ddd-go/services/order.go:99.2,101.32 3 1
github.com/percybolmer/ddd-go/services/order.go:111.2,114.19 2 1
github.com/percybolmer/ddd-go/services/order.go:94.16,96.3 1 1
github.com/percybolmer/ddd-go/services/order.go:101.32,103.17 2 1
github.com/percybolmer/ddd-go/services/order.go:106.3,107.24 2 1
github.com/percybolmer/ddd-go/services/order.go:103.17,105.4 1 0
github.com/percybolmer/ddd-go/services/tavern.go:21.62,25.27 2 1
github.com/percybolmer/ddd-go/services/tavern.go:32.2,32.15 1 1
github.com/percybolmer/ddd-go/services/tavern.go:25.27,28.17 2 1
github.com/percybolmer/ddd-go/services/tavern.go:28.17,30.4 1 0
github.com/percybolmer/ddd-go/services/tavern.go:36.61,38.31 1 1
github.com/percybolmer/ddd-go/services/tavern.go:38.31,41.3 2 1
github.com/percybolmer/ddd-go/services/tavern.go:45.72,47.16 2 1
github.com/percybolmer/ddd-go/services/tavern.go:50.2,54.12 2 1
github.com/percybolmer/ddd-go/services/tavern.go:47.16,49.3 1 1
